{"C:\\Cafe\\React_Projects\\Redux\\redux-ex\\examples\\todos\\src\\actions\\index.js": {"path":"C:\\Cafe\\React_Projects\\Redux\\redux-ex\\examples\\todos\\src\\actions\\index.js","statementMap":{"0":{"start":{"line":1,"column":17},"end":{"line":1,"column":18}},"1":{"start":{"line":2,"column":23},"end":{"line":6,"column":2}},"2":{"start":{"line":2,"column":34},"end":{"line":6,"column":1}},"3":{"start":{"line":8,"column":35},"end":{"line":11,"column":2}},"4":{"start":{"line":8,"column":48},"end":{"line":11,"column":1}},"5":{"start":{"line":13,"column":26},"end":{"line":16,"column":2}},"6":{"start":{"line":13,"column":35},"end":{"line":16,"column":1}},"7":{"start":{"line":18,"column":33},"end":{"line":22,"column":1}}},"fnMap":{"0":{"name":"(anonymous_0)","decl":{"start":{"line":2,"column":23},"end":{"line":2,"column":24}},"loc":{"start":{"line":2,"column":34},"end":{"line":6,"column":1}},"line":2},"1":{"name":"(anonymous_1)","decl":{"start":{"line":8,"column":35},"end":{"line":8,"column":36}},"loc":{"start":{"line":8,"column":48},"end":{"line":11,"column":1}},"line":8},"2":{"name":"(anonymous_2)","decl":{"start":{"line":13,"column":26},"end":{"line":13,"column":27}},"loc":{"start":{"line":13,"column":35},"end":{"line":16,"column":1}},"line":13}},"branchMap":{},"s":{"0":2,"1":2,"2":1,"3":2,"4":2,"5":2,"6":1,"7":2},"f":{"0":1,"1":2,"2":1},"b":{},"_coverageSchema":"332fd63041d2c1bcb487cc26dd0d5f7d97098a6c","hash":"800a1e70eeff4ba1ecf1f38379412777714321da"}
,"C:\\Cafe\\React_Projects\\Redux\\redux-ex\\examples\\todos\\src\\components\\Footer.js": {"path":"C:\\Cafe\\React_Projects\\Redux\\redux-ex\\examples\\todos\\src\\components\\Footer.js","statementMap":{"0":{"start":{"line":5,"column":15},"end":{"line":21,"column":1}},"1":{"start":{"line":6,"column":2},"end":{"line":20,"column":6}}},"fnMap":{"0":{"name":"(anonymous_0)","decl":{"start":{"line":5,"column":15},"end":{"line":5,"column":16}},"loc":{"start":{"line":6,"column":2},"end":{"line":20,"column":6}},"line":6}},"branchMap":{},"s":{"0":1,"1":1},"f":{"0":1},"b":{},"_coverageSchema":"332fd63041d2c1bcb487cc26dd0d5f7d97098a6c","hash":"d98c8c4e38187b50a9dc129a6d762b4f4229ffe9"}
,"C:\\Cafe\\React_Projects\\Redux\\redux-ex\\examples\\todos\\src\\components\\Link.js": {"path":"C:\\Cafe\\React_Projects\\Redux\\redux-ex\\examples\\todos\\src\\components\\Link.js","statementMap":{"0":{"start":{"line":4,"column":13},"end":{"line":20,"column":1}},"1":{"start":{"line":5,"column":2},"end":{"line":7,"column":3}},"2":{"start":{"line":6,"column":4},"end":{"line":6,"column":34}},"3":{"start":{"line":9,"column":2},"end":{"line":19,"column":3}},"4":{"start":{"line":13,"column":9},"end":{"line":13,"column":27}},"5":{"start":{"line":14,"column":9},"end":{"line":14,"column":18}},"6":{"start":{"line":22,"column":0},"end":{"line":26,"column":1}}},"fnMap":{"0":{"name":"(anonymous_0)","decl":{"start":{"line":4,"column":13},"end":{"line":4,"column":14}},"loc":{"start":{"line":4,"column":48},"end":{"line":20,"column":1}},"line":4},"1":{"name":"(anonymous_1)","decl":{"start":{"line":12,"column":16},"end":{"line":12,"column":17}},"loc":{"start":{"line":12,"column":21},"end":{"line":15,"column":8}},"line":12}},"branchMap":{"0":{"loc":{"start":{"line":5,"column":2},"end":{"line":7,"column":3}},"type":"if","locations":[{"start":{"line":5,"column":2},"end":{"line":7,"column":3}},{"start":{"line":5,"column":2},"end":{"line":7,"column":3}}],"line":5}},"s":{"0":2,"1":6,"2":1,"3":5,"4":2,"5":2,"6":2},"f":{"0":6,"1":2},"b":{"0":[1,5]},"_coverageSchema":"332fd63041d2c1bcb487cc26dd0d5f7d97098a6c","hash":"000ce5cf7b31e973e043b5531f7146c49ade8cdc"}
,"C:\\Cafe\\React_Projects\\Redux\\redux-ex\\examples\\todos\\src\\containers\\FilterLink.js": {"path":"C:\\Cafe\\React_Projects\\Redux\\redux-ex\\examples\\todos\\src\\containers\\FilterLink.js","statementMap":{"0":{"start":{"line":5,"column":24},"end":{"line":7,"column":2}},"1":{"start":{"line":5,"column":46},"end":{"line":7,"column":1}},"2":{"start":{"line":9,"column":27},"end":{"line":13,"column":2}},"3":{"start":{"line":9,"column":52},"end":{"line":13,"column":1}},"4":{"start":{"line":11,"column":4},"end":{"line":11,"column":50}},"5":{"start":{"line":15,"column":19},"end":{"line":18,"column":7}}},"fnMap":{"0":{"name":"(anonymous_0)","decl":{"start":{"line":5,"column":24},"end":{"line":5,"column":25}},"loc":{"start":{"line":5,"column":46},"end":{"line":7,"column":1}},"line":5},"1":{"name":"(anonymous_1)","decl":{"start":{"line":9,"column":27},"end":{"line":9,"column":28}},"loc":{"start":{"line":9,"column":52},"end":{"line":13,"column":1}},"line":9},"2":{"name":"(anonymous_2)","decl":{"start":{"line":10,"column":11},"end":{"line":10,"column":12}},"loc":{"start":{"line":10,"column":17},"end":{"line":12,"column":3}},"line":10}},"branchMap":{},"s":{"0":1,"1":4,"2":1,"3":4,"4":1,"5":1},"f":{"0":4,"1":4,"2":1},"b":{},"_coverageSchema":"332fd63041d2c1bcb487cc26dd0d5f7d97098a6c","hash":"68c6bb18853da2fef7249153d70e2b8c2a8434ad"}
,"C:\\Cafe\\React_Projects\\Redux\\redux-ex\\examples\\todos\\src\\reducers\\todos.js": {"path":"C:\\Cafe\\React_Projects\\Redux\\redux-ex\\examples\\todos\\src\\reducers\\todos.js","statementMap":{"0":{"start":{"line":1,"column":14},"end":{"line":21,"column":1}},"1":{"start":{"line":2,"column":2},"end":{"line":20,"column":3}},"2":{"start":{"line":4,"column":6},"end":{"line":11,"column":7}},"3":{"start":{"line":13,"column":6},"end":{"line":17,"column":7}},"4":{"start":{"line":14,"column":8},"end":{"line":16,"column":16}},"5":{"start":{"line":19,"column":6},"end":{"line":19,"column":18}}},"fnMap":{"0":{"name":"(anonymous_0)","decl":{"start":{"line":1,"column":14},"end":{"line":1,"column":15}},"loc":{"start":{"line":1,"column":38},"end":{"line":21,"column":1}},"line":1},"1":{"name":"(anonymous_1)","decl":{"start":{"line":13,"column":23},"end":{"line":13,"column":24}},"loc":{"start":{"line":14,"column":8},"end":{"line":16,"column":16}},"line":14}},"branchMap":{"0":{"loc":{"start":{"line":1,"column":15},"end":{"line":1,"column":25}},"type":"default-arg","locations":[{"start":{"line":1,"column":23},"end":{"line":1,"column":25}}],"line":1},"1":{"loc":{"start":{"line":2,"column":2},"end":{"line":20,"column":3}},"type":"switch","locations":[{"start":{"line":3,"column":4},"end":{"line":11,"column":7}},{"start":{"line":12,"column":4},"end":{"line":17,"column":7}},{"start":{"line":18,"column":4},"end":{"line":19,"column":18}}],"line":2},"2":{"loc":{"start":{"line":14,"column":8},"end":{"line":16,"column":16}},"type":"cond-expr","locations":[{"start":{"line":15,"column":12},"end":{"line":15,"column":49}},{"start":{"line":16,"column":12},"end":{"line":16,"column":16}}],"line":14}},"s":{"0":1,"1":5,"2":3,"3":1,"4":2,"5":1},"f":{"0":5,"1":2},"b":{"0":[1],"1":[3,1,1],"2":[1,1]},"_coverageSchema":"332fd63041d2c1bcb487cc26dd0d5f7d97098a6c","hash":"bc19b63cb093de889e4612e41f1a21e1b828a98f"}
,"C:\\Cafe\\React_Projects\\Redux\\redux-ex\\examples\\todos\\src\\reducers\\visibilityFilter.js": {"path":"C:\\Cafe\\React_Projects\\Redux\\redux-ex\\examples\\todos\\src\\reducers\\visibilityFilter.js","statementMap":{"0":{"start":{"line":1,"column":25},"end":{"line":8,"column":1}},"1":{"start":{"line":2,"column":2},"end":{"line":7,"column":3}},"2":{"start":{"line":4,"column":6},"end":{"line":4,"column":26}},"3":{"start":{"line":6,"column":6},"end":{"line":6,"column":18}}},"fnMap":{"0":{"name":"(anonymous_0)","decl":{"start":{"line":1,"column":25},"end":{"line":1,"column":26}},"loc":{"start":{"line":1,"column":57},"end":{"line":8,"column":1}},"line":1}},"branchMap":{"0":{"loc":{"start":{"line":1,"column":26},"end":{"line":1,"column":44}},"type":"default-arg","locations":[{"start":{"line":1,"column":34},"end":{"line":1,"column":44}}],"line":1},"1":{"loc":{"start":{"line":2,"column":2},"end":{"line":7,"column":3}},"type":"switch","locations":[{"start":{"line":3,"column":4},"end":{"line":4,"column":26}},{"start":{"line":5,"column":4},"end":{"line":6,"column":18}}],"line":2}},"s":{"0":1,"1":2,"2":1,"3":1},"f":{"0":2},"b":{"0":[1],"1":[1,1]},"_coverageSchema":"332fd63041d2c1bcb487cc26dd0d5f7d97098a6c","hash":"682a0692ad4661f057ee06a7a40f72d67648e917"}
}
