TN:
SF:C:\Cafe\React_Projects\Redux\redux-ex\examples\todos\src\actions\index.js
FN:1,addTodo
FN:10,increment
FN:17,(anonymous_2)
FN:23,(anonymous_3)
FNF:4
FNH:4
FNDA:1,addTodo
FNDA:1,increment
FNDA:2,(anonymous_2)
FNDA:1,(anonymous_3)
DA:2,1
DA:11,1
DA:17,2
DA:23,2
DA:29,2
LF:5
LH:5
BRF:0
BRH:0
end_of_record
TN:
SF:C:\Cafe\React_Projects\Redux\redux-ex\examples\todos\src\components\Footer.js
FN:5,(anonymous_0)
FNF:1
FNH:1
FNDA:1,(anonymous_0)
DA:5,1
DA:6,1
LF:2
LH:2
BRF:0
BRH:0
end_of_record
TN:
SF:C:\Cafe\React_Projects\Redux\redux-ex\examples\todos\src\components\Link.js
FN:4,(anonymous_0)
FN:12,(anonymous_1)
FNF:2
FNH:2
FNDA:6,(anonymous_0)
FNDA:2,(anonymous_1)
DA:4,2
DA:5,6
DA:6,1
DA:9,5
DA:13,2
DA:14,2
DA:22,2
LF:7
LH:7
BRDA:5,0,0,1
BRDA:5,0,1,5
BRF:2
BRH:2
end_of_record
TN:
SF:C:\Cafe\React_Projects\Redux\redux-ex\examples\todos\src\containers\FilterLink.js
FN:5,(anonymous_0)
FN:9,(anonymous_1)
FN:10,(anonymous_2)
FNF:3
FNH:3
FNDA:4,(anonymous_0)
FNDA:4,(anonymous_1)
FNDA:1,(anonymous_2)
DA:5,4
DA:9,4
DA:11,1
DA:15,1
LF:4
LH:4
BRF:0
BRH:0
end_of_record
TN:
SF:C:\Cafe\React_Projects\Redux\redux-ex\examples\todos\src\reducers\indexReference.js
FN:1,(anonymous_0)
FNF:1
FNH:1
FNDA:2,(anonymous_0)
DA:1,1
DA:2,2
DA:4,1
DA:6,1
LF:4
LH:4
BRDA:1,0,0,1
BRDA:2,1,0,1
BRDA:2,1,1,1
BRF:3
BRH:3
end_of_record
TN:
SF:C:\Cafe\React_Projects\Redux\redux-ex\examples\todos\src\reducers\todos.js
FN:1,(anonymous_0)
FN:13,(anonymous_1)
FNF:2
FNH:2
FNDA:5,(anonymous_0)
FNDA:2,(anonymous_1)
DA:1,1
DA:2,5
DA:4,3
DA:13,1
DA:14,2
DA:19,1
LF:6
LH:6
BRDA:1,0,0,1
BRDA:2,1,0,3
BRDA:2,1,1,1
BRDA:2,1,2,1
BRDA:14,2,0,1
BRDA:14,2,1,1
BRF:6
BRH:6
end_of_record
TN:
SF:C:\Cafe\React_Projects\Redux\redux-ex\examples\todos\src\reducers\visibilityFilter.js
FN:1,(anonymous_0)
FNF:1
FNH:1
FNDA:2,(anonymous_0)
DA:1,1
DA:2,2
DA:4,1
DA:6,1
LF:4
LH:4
BRDA:1,0,0,1
BRDA:2,1,0,1
BRDA:2,1,1,1
BRF:3
BRH:3
end_of_record
